<?xml version="1.0" encoding="UTF-8"?>
<!-- Generated by org.testng.reporters.JUnitXMLReporter -->
<testsuite hostname="Nitya" ignored="0" name="Accounts Test" tests="4" failures="0" timestamp="26 Mar 2023 14:50:57 GMT" time="4.0" errors="0">
  <testcase name="@BeforeTest setup" time="3.92" classname="com.qa.opencart.base.BaseTest">
    <failure type="org.openqa.selenium.remote.http.ConnectionFailedException" message="Unable to establish websocket connection to http://localhost:52748/devtools/browser/7fee5a11-cb0f-4b23-a7d8-81736946c225
Build info: version: &amp;apos;4.0.0&amp;apos;, revision: &amp;apos;3a21814679&amp;apos;
System info: host: &amp;apos;NITYA&amp;apos;, ip: &amp;apos;192.168.1.104&amp;apos;, os.name: &amp;apos;Windows 11&amp;apos;, os.arch: &amp;apos;amd64&amp;apos;, os.version: &amp;apos;10.0&amp;apos;, java.version: &amp;apos;1.8.0_333&amp;apos;
Driver info: driver.version: ChromeDriver">
      <![CDATA[org.openqa.selenium.remote.http.ConnectionFailedException: Unable to establish websocket connection to http://localhost:52748/devtools/browser/7fee5a11-cb0f-4b23-a7d8-81736946c225
Build info: version: '4.0.0', revision: '3a21814679'
System info: host: 'NITYA', ip: '192.168.1.104', os.name: 'Windows 11', os.arch: 'amd64', os.version: '10.0', java.version: '1.8.0_333'
Driver info: driver.version: ChromeDriver
	at org.openqa.selenium.remote.http.netty.NettyWebSocket.<init>(NettyWebSocket.java:104)
	at org.openqa.selenium.remote.http.netty.NettyWebSocket.lambda$create$3(NettyWebSocket.java:137)
	at org.openqa.selenium.remote.http.netty.NettyClient.openSocket(NettyClient.java:127)
	at org.openqa.selenium.devtools.Connection.<init>(Connection.java:77)
	at org.openqa.selenium.chromium.ChromiumDriver.lambda$new$2(ChromiumDriver.java:124)
	at java.util.Optional.map(Unknown Source)
	at org.openqa.selenium.chromium.ChromiumDriver.<init>(ChromiumDriver.java:122)
	at org.openqa.selenium.chrome.ChromeDriver.<init>(ChromeDriver.java:104)
	at org.openqa.selenium.chrome.ChromeDriver.<init>(ChromeDriver.java:91)
	at org.openqa.selenium.chrome.ChromeDriver.<init>(ChromeDriver.java:46)
	at com.qa.opencart.factory.DriverFactory.initDriver(DriverFactory.java:33)
	at com.qa.opencart.base.BaseTest.setup(BaseTest.java:25)
	at java.util.concurrent.FutureTask.run(Unknown Source)
	at java.util.concurrent.ThreadPoolExecutor.runWorker(Unknown Source)
	at java.util.concurrent.ThreadPoolExecutor$Worker.run(Unknown Source)
	at java.lang.Thread.run(Unknown Source)
... Removed 14 stack frames]]>
    </failure>
  </testcase> <!-- @BeforeTest setup -->
  <testcase name="@BeforeClass accSetup" time="0.0" classname="com.qa.opencart.tests.AccountPageTest">
    <skipped/>
  </testcase> <!-- @BeforeClass accSetup -->
  <testcase name="@AfterTest tearDown" time="0.0" classname="com.qa.opencart.base.BaseTest">
    <skipped/>
  </testcase> <!-- @AfterTest tearDown -->
  <testcase name="accountPageTitleTest" time="0.0" classname="com.qa.opencart.tests.AccountPageTest">
    <skipped/>
  </testcase> <!-- accountPageTitleTest -->
  <testcase name="accountPageUrlTest" time="0.0" classname="com.qa.opencart.tests.AccountPageTest">
    <skipped/>
  </testcase> <!-- accountPageUrlTest -->
  <testcase name="isSearchBarExistTest" time="0.0" classname="com.qa.opencart.tests.AccountPageTest">
    <skipped/>
  </testcase> <!-- isSearchBarExistTest -->
  <testcase name="accPageHeadersTest" time="0.0" classname="com.qa.opencart.tests.AccountPageTest">
    <skipped/>
  </testcase> <!-- accPageHeadersTest -->
</testsuite> <!-- Accounts Test -->
